<?xml version='1.0' encoding='UTF-8'?>
<testsuite hostname="sandbox.hortonworks.com" name="MyTests" tests="10" errors="0" failures="0" time="4.995">
                     <properties>
[...]
</properties>
                     <testcase classname="MyTests" name="getFilePathsTest" time="0.004">
                                                 
                                               </testcase><testcase classname="MyTests" name="getFilePathsTestNull" time="0.001">
                                                 
                                               </testcase><testcase classname="MyTests" name="intergration" time="2.22">
                                                 
                                               </testcase><testcase classname="MyTests" name="findTextTestNull" time="0.676">
                                                 
                                               </testcase><testcase classname="MyTests" name="readInputTest" time="0.0">
                                                 
                                               </testcase><testcase classname="MyTests" name="parsePDFSTestOne" time="0.023">
                                                 
                                               </testcase><testcase classname="MyTests" name="parsePDFSTestTwo" time="0.02">
                                                 
                                               </testcase><testcase classname="MyTests" name="findTextTestMicrosoft" time="0.668">
                                                 
                                               </testcase><testcase classname="MyTests" name="findTextTestApple" time="0.665">
                                                 
                                               </testcase><testcase classname="MyTests" name="findTextTestBlank" time="0.718">
                                                 
                                               </testcase>
                     <system-out></system-out>
                     <system-err></system-err>
                   </testsuite>